This file contains any messages produced by compilers while
running configure, to aid debugging if configure makes a mistake.

It was created by zbar configure 0.10, which was
generated by GNU Autoconf 2.63.  Invocation command line was

  $ ./configure --disable-video --without-imagemagick --without-qt --without-python --without-gtk --with-libiconv-prefix=/opt/local --with-jpeg=no

## --------- ##
## Platform. ##
## --------- ##

hostname = ThanhTu-2.local
uname -m = x86_64
uname -r = 18.5.0
uname -s = Darwin
uname -v = Darwin Kernel Version 18.5.0: Mon Mar 11 20:40:32 PDT 2019; root:xnu-4903.251.3~3/RELEASE_X86_64

/usr/bin/uname -p = i386
/bin/uname -X     = unknown

/bin/arch              = unknown
/usr/bin/arch -k       = unknown
/usr/convex/getsysinfo = unknown
/usr/bin/hostinfo      = Mach kernel version:
	 Darwin Kernel Version 18.5.0: Mon Mar 11 20:40:32 PDT 2019; root:xnu-4903.251.3~3/RELEASE_X86_64
Kernel configured for up to 8 processors.
4 processors are physically available.
8 processors are logically available.
Processor type: i486 (Intel 80486)
Processors active: 0 1 2 3 4 5 6 7
Primary memory available: 16.00 gigabytes
Default processor set: 454 tasks, 2106 threads, 8 processors
Load average: 2.49, Mach factor: 5.50
/bin/machine           = unknown
/usr/bin/oslevel       = unknown
/bin/universe          = unknown

PATH: /Users/thanhtu/miniconda3/envs/myenv/bin
PATH: /Users/thanhtu/miniconda3/condabin
PATH: /Users/thanhtu/.cargo/bin
PATH: /Users/thanhtu/.npm-packages/bin
PATH: /Users/thanhtu/.cargo/bin
PATH: /Users/thanhtu/.rvm/gems/ruby-2.4.0/bin
PATH: /Users/thanhtu/.rvm/gems/ruby-2.4.0@global/bin
PATH: /Users/thanhtu/.rvm/rubies/ruby-2.4.0/bin
PATH: /opt/local/bin
PATH: /opt/local/sbin
PATH: /Users/thanhtu/perl5/perlbrew/bin
PATH: /Users/thanhtu/.gvm/pkgsets/system/global/bin
PATH: /usr/local/opt/go/libexec/bin
PATH: /bin
PATH: /Users/thanhtu/.gvm/bin
PATH: /Users/thanhtu/.yarn/bin
PATH: /Users/thanhtu/.nvm/versions/node/v10.9.0/bin
PATH: /Users/thanhtu/Library/Android/sdk/tools
PATH: /Users/thanhtu/Library/Android/sdk/platform-tools
PATH: /Applications/android-ndk
PATH: /Users/thanhtu/MyProjects/Nodejs/reactjs/Clingme/scala-2.9.1
PATH: /opt/local/bin
PATH: /opt/local/sbin
PATH: /Users/thanhtu/.rbenv/shims
PATH: /opt/local/bin
PATH: /opt/local/sbin
PATH: /Users/thanhtu/.rbenv/bin
PATH: /usr/local/bin
PATH: /usr/local/bin
PATH: /usr/bin
PATH: /bin
PATH: /usr/sbin
PATH: /sbin
PATH: /Library/TeX/texbin
PATH: /usr/local/go/bin
PATH: /opt/X11/bin
PATH: /Library/Frameworks/Mono.framework/Versions/Current/Commands
PATH: /Users/thanhtu/MyProjects/Nodejs/reactjs/Clingme/play-2.0.4
PATH: /Users/thanhtu/.rvm/bin
PATH: /bin
PATH: /Applications/Visual Studio Code.app/Contents/Resources/app/bin
PATH: /Users/thanhtu/go-workspace/bin
PATH: /usr/local/opt/go/libexec/bin
PATH: /Users/thanhtu/.rvm/bin


## ----------- ##
## Core tests. ##
## ----------- ##

configure:2260: checking for a BSD-compatible install
configure:2328: result: /usr/local/bin/ginstall -c
configure:2339: checking whether build environment is sane
configure:2382: result: yes
configure:2407: checking for a thread-safe mkdir -p
configure:2446: result: /usr/local/bin/gmkdir -p
configure:2459: checking for gawk
configure:2489: result: no
configure:2459: checking for mawk
configure:2489: result: no
configure:2459: checking for nawk
configure:2489: result: no
configure:2459: checking for awk
configure:2475: found /usr/bin/awk
configure:2486: result: awk
configure:2497: checking whether make sets $(MAKE)
configure:2519: result: yes
configure:2738: checking build system type
configure:2756: result: i386-apple-darwin18.5.0
configure:2778: checking host system type
configure:2793: result: i386-apple-darwin18.5.0
configure:2827: checking for style of include used by make
configure:2855: result: GNU
configure:2925: checking for gcc
configure:2941: found /usr/bin/gcc
configure:2952: result: gcc
configure:3184: checking for C compiler version
configure:3192: gcc --version >&5
Configured with: --prefix=/Applications/Xcode.app/Contents/Developer/usr --with-gxx-include-dir=/Applications/Xcode.app/Contents/Developer/Platforms/MacOSX.platform/Developer/SDKs/MacOSX10.14.sdk/usr/include/c++/4.2.1
Apple LLVM version 10.0.1 (clang-1001.0.46.4)
Target: x86_64-apple-darwin18.5.0
Thread model: posix
InstalledDir: /Applications/Xcode.app/Contents/Developer/Toolchains/XcodeDefault.xctoolchain/usr/bin
configure:3196: $? = 0
configure:3203: gcc -v >&5
Configured with: --prefix=/Applications/Xcode.app/Contents/Developer/usr --with-gxx-include-dir=/Applications/Xcode.app/Contents/Developer/Platforms/MacOSX.platform/Developer/SDKs/MacOSX10.14.sdk/usr/include/c++/4.2.1
Apple LLVM version 10.0.1 (clang-1001.0.46.4)
Target: x86_64-apple-darwin18.5.0
Thread model: posix
InstalledDir: /Applications/Xcode.app/Contents/Developer/Toolchains/XcodeDefault.xctoolchain/usr/bin
configure:3207: $? = 0
configure:3214: gcc -V >&5
clang: error: unsupported option '-V -Wno-atomic-implicit-seq-cst'
clang: error: no input files
configure:3218: $? = 1
configure:3241: checking for C compiler default output file name
configure:3263: gcc  -I/opt/local/include -I/usr/local/include -L/opt/local/lib -L/usr/local/lib conftest.c  >&5
configure:3267: $? = 0
configure:3305: result: a.out
configure:3324: checking whether the C compiler works
configure:3334: ./a.out
configure:3338: $? = 0
configure:3357: result: yes
configure:3364: checking whether we are cross compiling
configure:3366: result: no
configure:3369: checking for suffix of executables
configure:3376: gcc -o conftest  -I/opt/local/include -I/usr/local/include -L/opt/local/lib -L/usr/local/lib conftest.c  >&5
configure:3380: $? = 0
configure:3406: result: 
configure:3412: checking for suffix of object files
configure:3438: gcc -c  -I/opt/local/include -I/usr/local/include conftest.c >&5
configure:3442: $? = 0
configure:3467: result: o
configure:3471: checking whether we are using the GNU C compiler
configure:3500: gcc -c  -I/opt/local/include -I/usr/local/include conftest.c >&5
configure:3507: $? = 0
configure:3524: result: yes
configure:3533: checking whether gcc accepts -g
configure:3563: gcc -c -g -I/opt/local/include -I/usr/local/include conftest.c >&5
configure:3570: $? = 0
configure:3671: result: yes
configure:3688: checking for gcc option to accept ISO C89
configure:3762: gcc  -c -g -O2 -I/opt/local/include -I/usr/local/include conftest.c >&5
configure:3769: $? = 0
configure:3792: result: none needed
configure:3812: checking dependency style of gcc
configure:3903: result: gcc3
configure:3918: checking for a sed that does not truncate output
configure:3984: result: /usr/bin/sed
configure:4002: checking for grep that handles long lines and -e
configure:4062: result: /usr/bin/grep
configure:4067: checking for egrep
configure:4131: result: /usr/bin/grep -E
configure:4136: checking for fgrep
configure:4200: result: /usr/bin/grep -F
configure:4235: checking for ld used by gcc
configure:4302: result: /Applications/Xcode.app/Contents/Developer/Toolchains/XcodeDefault.xctoolchain/usr/bin/ld
configure:4311: checking if the linker (/Applications/Xcode.app/Contents/Developer/Toolchains/XcodeDefault.xctoolchain/usr/bin/ld) is GNU ld
configure:4326: result: no
configure:4338: checking for BSD- or MS-compatible name lister (nm)
configure:4387: result: /usr/bin/nm -B
configure:4505: checking the name lister (/usr/bin/nm -B) interface
configure:4512: gcc -c -g -O2 -I/opt/local/include -I/usr/local/include conftest.c >&5
configure:4515: /usr/bin/nm -B "conftest.o"
configure:4518: output
00000000000001e0 S _some_variable
configure:4525: result: BSD nm
configure:4528: checking whether ln -s works
configure:4532: result: yes
configure:4540: checking the maximum length of command line arguments
configure:4660: result: 196608
configure:4677: checking whether the shell understands some XSI constructs
configure:4687: result: yes
configure:4691: checking whether the shell understands "+="
configure:4697: result: yes
configure:4732: checking for /Applications/Xcode.app/Contents/Developer/Toolchains/XcodeDefault.xctoolchain/usr/bin/ld option to reload object files
configure:4739: result: -r
configure:4808: checking for objdump
configure:4824: found /usr/bin/objdump
configure:4835: result: objdump
configure:4864: checking how to recognize dependent libraries
configure:5060: result: pass_all
configure:5120: checking for ar
configure:5136: found /usr/bin/ar
configure:5147: result: ar
configure:5225: checking for strip
configure:5241: found /usr/bin/strip
configure:5252: result: strip
configure:5324: checking for ranlib
configure:5340: found /usr/bin/ranlib
configure:5351: result: ranlib
configure:5441: checking command to parse /usr/bin/nm -B output from gcc object
configure:5559: gcc -c -g -O2 -I/opt/local/include -I/usr/local/include conftest.c >&5
configure:5562: $? = 0
configure:5566: /usr/bin/nm -B conftest.o \| sed -n -e 's/^.*[	 ]\([BCDEGRST][BCDEGRST]*\)[	 ][	 ]*\([_A-Za-z][_A-Za-z0-9]*\)$/\1 \2 \2/p' \> conftest.nm
configure:5569: $? = 0
cannot find nm_test_var in conftest.nm
configure:5559: gcc -c -g -O2 -I/opt/local/include -I/usr/local/include conftest.c >&5
configure:5562: $? = 0
configure:5566: /usr/bin/nm -B conftest.o \| sed -n -e 's/^.*[	 ]\([BCDEGRST][BCDEGRST]*\)[	 ][	 ]*_\([_A-Za-z][_A-Za-z0-9]*\)$/\1 _\2 \2/p' \> conftest.nm
configure:5569: $? = 0
configure:5623: gcc -o conftest -g -O2 -I/opt/local/include -I/usr/local/include -L/opt/local/lib -L/usr/local/lib conftest.c conftstm.o >&5
warning: (x86_64)  could not find object file symbol for symbol _main
configure:5626: $? = 0
configure:5664: result: ok
configure:5958: checking for dsymutil
configure:5974: found /usr/bin/dsymutil
configure:5985: result: dsymutil
configure:6050: checking for nmedit
configure:6066: found /usr/bin/nmedit
configure:6077: result: nmedit
configure:6142: checking for lipo
configure:6158: found /usr/bin/lipo
configure:6169: result: lipo
configure:6234: checking for otool
configure:6250: found /usr/bin/otool
configure:6261: result: otool
configure:6326: checking for otool64
configure:6356: result: no
configure:6401: checking for -single_module linker flag
gcc -g -O2 -L/opt/local/lib -L/usr/local/lib -o libconftest.dylib -dynamiclib -Wl,-single_module conftest.c
configure:6428: result: yes
configure:6430: checking for -exported_symbols_list linker flag
configure:6460: gcc -o conftest -g -O2 -I/opt/local/include -I/usr/local/include -L/opt/local/lib -L/usr/local/lib -Wl,-exported_symbols_list,conftest.sym conftest.c  >&5
configure:6467: $? = 0
configure:6489: result: yes
configure:6531: checking how to run the C preprocessor
configure:6571: gcc -E -I/opt/local/include -I/usr/local/include conftest.c
configure:6578: $? = 0
configure:6609: gcc -E -I/opt/local/include -I/usr/local/include conftest.c
conftest.c:10:10: fatal error: 'ac_nonexistent.h' file not found
#include <ac_nonexistent.h>
         ^~~~~~~~~~~~~~~~~~
1 error generated.
configure:6616: $? = 1
configure: failed program was:
| /* confdefs.h.  */
| #define PACKAGE_NAME "zbar"
| #define PACKAGE_TARNAME "zbar"
| #define PACKAGE_VERSION "0.10"
| #define PACKAGE_STRING "zbar 0.10"
| #define PACKAGE_BUGREPORT "spadix@users.sourceforge.net"
| #define PACKAGE "zbar"
| #define VERSION "0.10"
| /* end confdefs.h.  */
| #include <ac_nonexistent.h>
configure:6649: result: gcc -E
configure:6678: gcc -E -I/opt/local/include -I/usr/local/include conftest.c
configure:6685: $? = 0
configure:6716: gcc -E -I/opt/local/include -I/usr/local/include conftest.c
conftest.c:10:10: fatal error: 'ac_nonexistent.h' file not found
#include <ac_nonexistent.h>
         ^~~~~~~~~~~~~~~~~~
1 error generated.
configure:6723: $? = 1
configure: failed program was:
| /* confdefs.h.  */
| #define PACKAGE_NAME "zbar"
| #define PACKAGE_TARNAME "zbar"
| #define PACKAGE_VERSION "0.10"
| #define PACKAGE_STRING "zbar 0.10"
| #define PACKAGE_BUGREPORT "spadix@users.sourceforge.net"
| #define PACKAGE "zbar"
| #define VERSION "0.10"
| /* end confdefs.h.  */
| #include <ac_nonexistent.h>
configure:6763: checking for ANSI C header files
configure:6793: gcc -c -g -O2 -I/opt/local/include -I/usr/local/include conftest.c >&5
configure:6800: $? = 0
configure:6899: gcc -o conftest -g -O2 -I/opt/local/include -I/usr/local/include -L/opt/local/lib -L/usr/local/lib conftest.c  >&5
configure:6903: $? = 0
configure:6909: ./conftest
configure:6913: $? = 0
configure:6931: result: yes
configure:6955: checking for sys/types.h
configure:6976: gcc -c -g -O2 -I/opt/local/include -I/usr/local/include conftest.c >&5
configure:6983: $? = 0
configure:7000: result: yes
configure:6955: checking for sys/stat.h
configure:6976: gcc -c -g -O2 -I/opt/local/include -I/usr/local/include conftest.c >&5
configure:6983: $? = 0
configure:7000: result: yes
configure:6955: checking for stdlib.h
configure:6976: gcc -c -g -O2 -I/opt/local/include -I/usr/local/include conftest.c >&5
configure:6983: $? = 0
configure:7000: result: yes
configure:6955: checking for string.h
configure:6976: gcc -c -g -O2 -I/opt/local/include -I/usr/local/include conftest.c >&5
configure:6983: $? = 0
configure:7000: result: yes
configure:6955: checking for memory.h
configure:6976: gcc -c -g -O2 -I/opt/local/include -I/usr/local/include conftest.c >&5
configure:6983: $? = 0
configure:7000: result: yes
configure:6955: checking for strings.h
configure:6976: gcc -c -g -O2 -I/opt/local/include -I/usr/local/include conftest.c >&5
configure:6983: $? = 0
configure:7000: result: yes
configure:6955: checking for inttypes.h
configure:6976: gcc -c -g -O2 -I/opt/local/include -I/usr/local/include conftest.c >&5
configure:6983: $? = 0
configure:7000: result: yes
configure:6955: checking for stdint.h
configure:6976: gcc -c -g -O2 -I/opt/local/include -I/usr/local/include conftest.c >&5
configure:6983: $? = 0
configure:7000: result: yes
configure:6955: checking for unistd.h
configure:6976: gcc -c -g -O2 -I/opt/local/include -I/usr/local/include conftest.c >&5
configure:6983: $? = 0
configure:7000: result: yes
configure:7018: checking for dlfcn.h
configure:7039: gcc -c -g -O2 -I/opt/local/include -I/usr/local/include conftest.c >&5
configure:7046: $? = 0
configure:7063: result: yes
configure:7546: checking for objdir
configure:7561: result: .libs
configure:7857: checking if gcc supports -fno-rtti -fno-exceptions
configure:7875: gcc -c -g -O2 -I/opt/local/include -I/usr/local/include -fno-rtti -fno-exceptions conftest.c >&5
configure:7879: $? = 0
configure:7892: result: yes
configure:7912: checking for gcc option to produce PIC
configure:8184: result: -fno-common -DPIC
configure:8196: checking if gcc PIC flag -fno-common -DPIC works
configure:8214: gcc -c -g -O2 -I/opt/local/include -I/usr/local/include -fno-common -DPIC -DPIC conftest.c >&5
configure:8218: $? = 0
configure:8231: result: yes
configure:8255: checking if gcc static flag -static works
configure:8283: result: no
configure:8298: checking if gcc supports -c -o file.o
configure:8319: gcc -c -g -O2 -I/opt/local/include -I/usr/local/include -o out/conftest2.o conftest.c >&5
configure:8323: $? = 0
configure:8345: result: yes
configure:8353: checking if gcc supports -c -o file.o
configure:8400: result: yes
configure:8433: checking whether the gcc linker (/Applications/Xcode.app/Contents/Developer/Toolchains/XcodeDefault.xctoolchain/usr/bin/ld) supports shared libraries
configure:9507: result: yes
configure:9746: checking dynamic linker characteristics
configure:10442: result: darwin18.5.0 dyld
configure:10544: checking how to hardcode library paths into programs
configure:10569: result: immediate
configure:10614: checking for dlopen in -ldl
configure:10649: gcc -o conftest -g -O2 -I/opt/local/include -I/usr/local/include -L/opt/local/lib -L/usr/local/lib conftest.c -ldl   >&5
configure:10656: $? = 0
configure:10677: result: yes
configure:11176: checking whether a program can dlopen itself
configure:11246: gcc -o conftest -g -O2 -I/opt/local/include -I/usr/local/include -DHAVE_DLFCN_H -L/opt/local/lib -L/usr/local/lib  conftest.c -ldl  >&5
configure:11249: $? = 0
configure:11267: result: yes
configure:11272: checking whether a statically linked program can dlopen itself
configure:11342: gcc -o conftest -g -O2 -I/opt/local/include -I/usr/local/include -DHAVE_DLFCN_H -L/opt/local/lib -L/usr/local/lib   conftest.c -ldl  >&5
configure:11345: $? = 0
configure:11363: result: yes
configure:11402: checking whether stripping libraries is possible
configure:11416: result: yes
configure:11442: checking if libtool supports shared libraries
configure:11444: result: yes
configure:11447: checking whether to build shared libraries
configure:11468: result: yes
configure:11471: checking whether to build static libraries
configure:11475: result: yes
configure:11553: checking for windres
configure:11583: result: no
configure:11725: checking host system type
configure:11740: result: i386-apple-darwin18.5.0
configure:11833: checking for gcc
configure:11860: result: gcc
configure:12092: checking for C compiler version
configure:12100: gcc --version >&5
Configured with: --prefix=/Applications/Xcode.app/Contents/Developer/usr --with-gxx-include-dir=/Applications/Xcode.app/Contents/Developer/Platforms/MacOSX.platform/Developer/SDKs/MacOSX10.14.sdk/usr/include/c++/4.2.1
Apple LLVM version 10.0.1 (clang-1001.0.46.4)
Target: x86_64-apple-darwin18.5.0
Thread model: posix
InstalledDir: /Applications/Xcode.app/Contents/Developer/Toolchains/XcodeDefault.xctoolchain/usr/bin
configure:12104: $? = 0
configure:12111: gcc -v >&5
Configured with: --prefix=/Applications/Xcode.app/Contents/Developer/usr --with-gxx-include-dir=/Applications/Xcode.app/Contents/Developer/Platforms/MacOSX.platform/Developer/SDKs/MacOSX10.14.sdk/usr/include/c++/4.2.1
Apple LLVM version 10.0.1 (clang-1001.0.46.4)
Target: x86_64-apple-darwin18.5.0
Thread model: posix
InstalledDir: /Applications/Xcode.app/Contents/Developer/Toolchains/XcodeDefault.xctoolchain/usr/bin
configure:12115: $? = 0
configure:12122: gcc -V >&5
clang: error: unsupported option '-V -Wno-atomic-implicit-seq-cst'
clang: error: no input files
configure:12126: $? = 1
configure:12129: checking whether we are using the GNU C compiler
configure:12182: result: yes
configure:12191: checking whether gcc accepts -g
configure:12329: result: yes
configure:12346: checking for gcc option to accept ISO C89
configure:12450: result: none needed
configure:12470: checking dependency style of gcc
configure:12561: result: gcc3
configure:12577: checking whether gcc and cc understand -c and -o together
configure:12612: gcc -c conftest.c -o conftest2.o >&5
configure:12616: $? = 0
configure:12622: gcc -c conftest.c -o conftest2.o >&5
configure:12626: $? = 0
configure:12637: cc -c conftest.c >&5
configure:12641: $? = 0
configure:12649: cc -c conftest.c -o conftest2.o >&5
configure:12653: $? = 0
configure:12659: cc -c conftest.c -o conftest2.o >&5
configure:12663: $? = 0
configure:12681: result: yes
configure:12766: checking for g++
configure:12782: found /usr/bin/g++
configure:12793: result: g++
configure:12820: checking for C++ compiler version
configure:12828: g++ --version >&5
Configured with: --prefix=/Applications/Xcode.app/Contents/Developer/usr --with-gxx-include-dir=/Applications/Xcode.app/Contents/Developer/Platforms/MacOSX.platform/Developer/SDKs/MacOSX10.14.sdk/usr/include/c++/4.2.1
Apple LLVM version 10.0.1 (clang-1001.0.46.4)
Target: x86_64-apple-darwin18.5.0
Thread model: posix
InstalledDir: /Applications/Xcode.app/Contents/Developer/Toolchains/XcodeDefault.xctoolchain/usr/bin
configure:12832: $? = 0
configure:12839: g++ -v >&5
Configured with: --prefix=/Applications/Xcode.app/Contents/Developer/usr --with-gxx-include-dir=/Applications/Xcode.app/Contents/Developer/Platforms/MacOSX.platform/Developer/SDKs/MacOSX10.14.sdk/usr/include/c++/4.2.1
Apple LLVM version 10.0.1 (clang-1001.0.46.4)
Target: x86_64-apple-darwin18.5.0
Thread model: posix
InstalledDir: /Applications/Xcode.app/Contents/Developer/Toolchains/XcodeDefault.xctoolchain/usr/bin
configure:12843: $? = 0
configure:12850: g++ -V >&5
clang: error: unsupported option '-V -Wno-atomic-implicit-seq-cst'
clang: error: no input files
configure:12854: $? = 1
configure:12857: checking whether we are using the GNU C++ compiler
configure:12886: g++ -c  -I/opt/local/include -I/usr/local/include conftest.cpp >&5
configure:12893: $? = 0
configure:12910: result: yes
configure:12919: checking whether g++ accepts -g
configure:12949: g++ -c -g -I/opt/local/include -I/usr/local/include conftest.cpp >&5
configure:12956: $? = 0
configure:13057: result: yes
configure:13082: checking dependency style of g++
configure:13173: result: gcc3
configure:13301: checking for C++ compiler version
configure:13309: g++ --version >&5
Configured with: --prefix=/Applications/Xcode.app/Contents/Developer/usr --with-gxx-include-dir=/Applications/Xcode.app/Contents/Developer/Platforms/MacOSX.platform/Developer/SDKs/MacOSX10.14.sdk/usr/include/c++/4.2.1
Apple LLVM version 10.0.1 (clang-1001.0.46.4)
Target: x86_64-apple-darwin18.5.0
Thread model: posix
InstalledDir: /Applications/Xcode.app/Contents/Developer/Toolchains/XcodeDefault.xctoolchain/usr/bin
configure:13313: $? = 0
configure:13320: g++ -v >&5
Configured with: --prefix=/Applications/Xcode.app/Contents/Developer/usr --with-gxx-include-dir=/Applications/Xcode.app/Contents/Developer/Platforms/MacOSX.platform/Developer/SDKs/MacOSX10.14.sdk/usr/include/c++/4.2.1
Apple LLVM version 10.0.1 (clang-1001.0.46.4)
Target: x86_64-apple-darwin18.5.0
Thread model: posix
InstalledDir: /Applications/Xcode.app/Contents/Developer/Toolchains/XcodeDefault.xctoolchain/usr/bin
configure:13324: $? = 0
configure:13331: g++ -V >&5
clang: error: unsupported option '-V -Wno-atomic-implicit-seq-cst'
clang: error: no input files
configure:13335: $? = 1
configure:13338: checking whether we are using the GNU C++ compiler
configure:13391: result: yes
configure:13400: checking whether g++ accepts -g
configure:13538: result: yes
configure:13563: checking dependency style of g++
configure:13654: result: gcc3
configure:13677: checking how to run the C++ preprocessor
configure:13713: g++ -E -I/opt/local/include -I/usr/local/include conftest.cpp
configure:13720: $? = 0
configure:13751: g++ -E -I/opt/local/include -I/usr/local/include conftest.cpp
conftest.cpp:27:10: fatal error: 'ac_nonexistent.h' file not found
#include <ac_nonexistent.h>
         ^~~~~~~~~~~~~~~~~~
1 error generated.
configure:13758: $? = 1
configure: failed program was:
| /* confdefs.h.  */
| #define PACKAGE_NAME "zbar"
| #define PACKAGE_TARNAME "zbar"
| #define PACKAGE_VERSION "0.10"
| #define PACKAGE_STRING "zbar 0.10"
| #define PACKAGE_BUGREPORT "spadix@users.sourceforge.net"
| #define PACKAGE "zbar"
| #define VERSION "0.10"
| #define STDC_HEADERS 1
| #define HAVE_SYS_TYPES_H 1
| #define HAVE_SYS_STAT_H 1
| #define HAVE_STDLIB_H 1
| #define HAVE_STRING_H 1
| #define HAVE_MEMORY_H 1
| #define HAVE_STRINGS_H 1
| #define HAVE_INTTYPES_H 1
| #define HAVE_STDINT_H 1
| #define HAVE_UNISTD_H 1
| #define HAVE_DLFCN_H 1
| #define LT_OBJDIR ".libs/"
| #define ZBAR_VERSION_MAJOR 0
| #define ZBAR_VERSION_MINOR 10
| #define LIB_VERSION_MAJOR 0
| #define LIB_VERSION_MINOR 2
| #define LIB_VERSION_REVISION 0
| /* end confdefs.h.  */
| #include <ac_nonexistent.h>
configure:13791: result: g++ -E
configure:13820: g++ -E -I/opt/local/include -I/usr/local/include conftest.cpp
configure:13827: $? = 0
configure:13858: g++ -E -I/opt/local/include -I/usr/local/include conftest.cpp
conftest.cpp:27:10: fatal error: 'ac_nonexistent.h' file not found
#include <ac_nonexistent.h>
         ^~~~~~~~~~~~~~~~~~
1 error generated.
configure:13865: $? = 1
configure: failed program was:
| /* confdefs.h.  */
| #define PACKAGE_NAME "zbar"
| #define PACKAGE_TARNAME "zbar"
| #define PACKAGE_VERSION "0.10"
| #define PACKAGE_STRING "zbar 0.10"
| #define PACKAGE_BUGREPORT "spadix@users.sourceforge.net"
| #define PACKAGE "zbar"
| #define VERSION "0.10"
| #define STDC_HEADERS 1
| #define HAVE_SYS_TYPES_H 1
| #define HAVE_SYS_STAT_H 1
| #define HAVE_STDLIB_H 1
| #define HAVE_STRING_H 1
| #define HAVE_MEMORY_H 1
| #define HAVE_STRINGS_H 1
| #define HAVE_INTTYPES_H 1
| #define HAVE_STDINT_H 1
| #define HAVE_UNISTD_H 1
| #define HAVE_DLFCN_H 1
| #define LT_OBJDIR ".libs/"
| #define ZBAR_VERSION_MAJOR 0
| #define ZBAR_VERSION_MINOR 10
| #define LIB_VERSION_MAJOR 0
| #define LIB_VERSION_MINOR 2
| #define LIB_VERSION_REVISION 0
| /* end confdefs.h.  */
| #include <ac_nonexistent.h>
configure:14041: checking for ld used by g++
configure:14108: result: /Applications/Xcode.app/Contents/Developer/Toolchains/XcodeDefault.xctoolchain/usr/bin/ld
configure:14117: checking if the linker (/Applications/Xcode.app/Contents/Developer/Toolchains/XcodeDefault.xctoolchain/usr/bin/ld) is GNU ld
configure:14132: result: no
configure:14187: checking whether the g++ linker (/Applications/Xcode.app/Contents/Developer/Toolchains/XcodeDefault.xctoolchain/usr/bin/ld) supports shared libraries
configure:15162: result: yes
configure:15190: g++ -c -g -O2 -I/opt/local/include -I/usr/local/include conftest.cpp >&5
configure:15193: $? = 0
configure:15375: checking for g++ option to produce PIC
configure:15692: result: -fno-common -DPIC
configure:15701: checking if g++ PIC flag -fno-common -DPIC works
configure:15719: g++ -c -g -O2 -I/opt/local/include -I/usr/local/include -fno-common -DPIC -DPIC conftest.cpp >&5
configure:15723: $? = 0
configure:15736: result: yes
configure:15757: checking if g++ static flag -static works
configure:15785: result: no
configure:15797: checking if g++ supports -c -o file.o
configure:15818: g++ -c -g -O2 -I/opt/local/include -I/usr/local/include -o out/conftest2.o conftest.cpp >&5
configure:15822: $? = 0
configure:15844: result: yes
configure:15849: checking if g++ supports -c -o file.o
configure:15896: result: yes
configure:15926: checking whether the g++ linker (/Applications/Xcode.app/Contents/Developer/Toolchains/XcodeDefault.xctoolchain/usr/bin/ld) supports shared libraries
configure:15952: result: yes
configure:16089: checking dynamic linker characteristics
configure:16733: result: darwin18.5.0 dyld
configure:16784: checking how to hardcode library paths into programs
configure:16809: result: immediate
configure:16898: checking for pkg-config
configure:16916: found /opt/local/bin/pkg-config
configure:16928: result: /opt/local/bin/pkg-config
configure:16953: checking pkg-config is at least version 0.9.0
configure:16956: result: yes
configure:16972: checking for xmlto
configure:17002: result: no
configure:17022: checking whether to build EAN symbologies
configure:17044: result: yes
configure:17048: checking whether to build Code 128 symbology
configure:17070: result: yes
configure:17074: checking whether to build Code 39 symbology
configure:17096: result: yes
configure:17100: checking whether to build PDF417 symbology
configure:17122: result: no
configure:17126: checking whether to build Interleaved 2 of 5 symbology
configure:17148: result: yes
configure:17152: checking whether to build QR Code
configure:17174: result: yes
configure:17179: checking for library containing clock_gettime
configure:17220: gcc -o conftest -g -O2 -I/opt/local/include -I/usr/local/include -L/opt/local/lib -L/usr/local/lib conftest.c  >&5
configure:17227: $? = 0
configure:17258: result: none required
configure:17306: checking for ld used by GCC
configure:17370: result: /Applications/Xcode.app/Contents/Developer/Toolchains/XcodeDefault.xctoolchain/usr/bin/ld
configure:17379: checking if the linker (/Applications/Xcode.app/Contents/Developer/Toolchains/XcodeDefault.xctoolchain/usr/bin/ld) is GNU ld
configure:17392: result: no
configure:17399: checking for shared library run path origin
configure:17412: result: done
configure:17920: checking for iconv
configure:17952: gcc -o conftest -g -O2 -I/opt/local/include -I/usr/local/include -L/opt/local/lib -L/usr/local/lib conftest.c  >&5
Undefined symbols for architecture x86_64:
  "_libiconv", referenced from:
      _main in conftest-02de61.o
  "_libiconv_close", referenced from:
      _main in conftest-02de61.o
  "_libiconv_open", referenced from:
      _main in conftest-02de61.o
ld: symbol(s) not found for architecture x86_64
clang: error: linker command failed with exit code 1 (use -v to see invocation)
configure:17959: $? = 1
configure: failed program was:
| /* confdefs.h.  */
| #define PACKAGE_NAME "zbar"
| #define PACKAGE_TARNAME "zbar"
| #define PACKAGE_VERSION "0.10"
| #define PACKAGE_STRING "zbar 0.10"
| #define PACKAGE_BUGREPORT "spadix@users.sourceforge.net"
| #define PACKAGE "zbar"
| #define VERSION "0.10"
| #define STDC_HEADERS 1
| #define HAVE_SYS_TYPES_H 1
| #define HAVE_SYS_STAT_H 1
| #define HAVE_STDLIB_H 1
| #define HAVE_STRING_H 1
| #define HAVE_MEMORY_H 1
| #define HAVE_STRINGS_H 1
| #define HAVE_INTTYPES_H 1
| #define HAVE_STDINT_H 1
| #define HAVE_UNISTD_H 1
| #define HAVE_DLFCN_H 1
| #define LT_OBJDIR ".libs/"
| #define ZBAR_VERSION_MAJOR 0
| #define ZBAR_VERSION_MINOR 10
| #define LIB_VERSION_MAJOR 0
| #define LIB_VERSION_MINOR 2
| #define LIB_VERSION_REVISION 0
| #define ENABLE_EAN 1
| #define ENABLE_CODE128 1
| #define ENABLE_CODE39 1
| #define ENABLE_I25 1
| #define ENABLE_QRCODE 1
| /* end confdefs.h.  */
| #include <stdlib.h>
| #include <iconv.h>
| int
| main ()
| {
| iconv_t cd = iconv_open("","");
|        iconv(cd,NULL,NULL,NULL,NULL);
|        iconv_close(cd);
|   ;
|   return 0;
| }
configure:18005: gcc -o conftest -g -O2 -I/opt/local/include -I/usr/local/include -L/opt/local/lib -L/usr/local/lib conftest.c  -liconv >&5
configure:18012: $? = 0
configure:18036: result: yes
configure:18039: checking for working iconv
configure:18125: gcc -o conftest -g -O2 -I/opt/local/include -I/usr/local/include -L/opt/local/lib -L/usr/local/lib conftest.c  -liconv >&5
configure:18129: $? = 0
configure:18135: ./conftest
configure:18139: $? = 0
configure:18158: result: yes
configure:18175: checking how to link with libiconv
configure:18177: result: -liconv
configure:18188: checking for iconv declaration
configure:18227: gcc -c -g -O2 -I/opt/local/include -I/usr/local/include conftest.c >&5
configure:18234: $? = 0
configure:18253: result: 
         extern size_t iconv (iconv_t cd, char * *inbuf, size_t *inbytesleft, char * *outbuf, size_t *outbytesleft);
configure:18281: checking poll.h usability
configure:18298: gcc -c -g -O2 -I/opt/local/include -I/usr/local/include conftest.c >&5
configure:18305: $? = 0
configure:18319: result: yes
configure:18323: checking poll.h presence
configure:18338: gcc -E -I/opt/local/include -I/usr/local/include conftest.c
configure:18345: $? = 0
configure:18359: result: yes
configure:18392: checking for poll.h
configure:18401: result: yes
configure:18459: checking pthread.h usability
configure:18476: gcc -c -g -O2 -I/opt/local/include -I/usr/local/include conftest.c >&5
configure:18483: $? = 0
configure:18497: result: yes
configure:18501: checking pthread.h presence
configure:18516: gcc -E -I/opt/local/include -I/usr/local/include conftest.c
configure:18523: $? = 0
configure:18537: result: yes
configure:18570: checking for pthread.h
configure:18579: result: yes
configure:18605: checking for pthread_create in -lpthread
configure:18640: gcc -o conftest -g -O2 -I/opt/local/include -I/usr/local/include -L/opt/local/lib -L/usr/local/lib conftest.c -lpthread   >&5
configure:18647: $? = 0
configure:18668: result: yes
configure:19222: checking for X
configure:19337: gcc -E -I/opt/local/include -I/usr/local/include conftest.c
configure:19344: $? = 0
configure:19393: gcc -o conftest -g -O2 -I/opt/local/include -I/usr/local/include -L/opt/local/lib -L/usr/local/lib conftest.c -lX11 -lpthread  >&5
configure:19400: $? = 0
configure:19462: result: libraries , headers 
configure:19634: gcc -o conftest -g -O2 -I/opt/local/include -I/usr/local/include -L/opt/local/lib -L/usr/local/lib conftest.c -lpthread   -lX11 >&5
configure:19641: $? = 0
configure:19809: checking for gethostbyname
configure:19865: gcc -o conftest -g -O2 -I/opt/local/include -I/usr/local/include -L/opt/local/lib -L/usr/local/lib conftest.c -lpthread  >&5
configure:19872: $? = 0
configure:19892: result: yes
configure:20045: checking for connect
configure:20101: gcc -o conftest -g -O2 -I/opt/local/include -I/usr/local/include -L/opt/local/lib -L/usr/local/lib conftest.c -lpthread  >&5
configure:20108: $? = 0
configure:20128: result: yes
configure:20204: checking for remove
configure:20260: gcc -o conftest -g -O2 -I/opt/local/include -I/usr/local/include -L/opt/local/lib -L/usr/local/lib conftest.c -lpthread  >&5
configure:20267: $? = 0
configure:20287: result: yes
configure:20363: checking for shmat
configure:20419: gcc -o conftest -g -O2 -I/opt/local/include -I/usr/local/include -L/opt/local/lib -L/usr/local/lib conftest.c -lpthread  >&5
configure:20426: $? = 0
configure:20446: result: yes
configure:20531: checking for IceConnectionNumber in -lICE
configure:20566: gcc -o conftest -g -O2 -I/opt/local/include -I/usr/local/include -L/opt/local/lib -L/usr/local/lib conftest.c -lICE  -lpthread  >&5
configure:20573: $? = 0
configure:20594: result: yes
configure:20635: checking for X11/extensions/XShm.h
configure:20659: gcc -c -g -O2 -I/opt/local/include -I/usr/local/include conftest.c >&5
configure:20666: $? = 0
configure:20683: result: yes
configure:20714: checking for XShmQueryVersion in -lXext
configure:20749: gcc -o conftest -g -O2 -I/opt/local/include -I/usr/local/include -L/opt/local/lib -L/usr/local/lib conftest.c -lXext   -lSM -lICE -lX11  -lXext -lpthread  >&5
configure:20756: $? = 0
configure:20777: result: yes
configure:20827: checking for X11/extensions/Xvlib.h
configure:20849: gcc -c -g -O2 -I/opt/local/include -I/usr/local/include conftest.c >&5
conftest.c:42:10: fatal error: 'X11/extensions/Xvlib.h' file not found
#include <X11/extensions/Xvlib.h>
         ^~~~~~~~~~~~~~~~~~~~~~~~
1 error generated.
configure:20856: $? = 1
configure: failed program was:
| /* confdefs.h.  */
| #define PACKAGE_NAME "zbar"
| #define PACKAGE_TARNAME "zbar"
| #define PACKAGE_VERSION "0.10"
| #define PACKAGE_STRING "zbar 0.10"
| #define PACKAGE_BUGREPORT "spadix@users.sourceforge.net"
| #define PACKAGE "zbar"
| #define VERSION "0.10"
| #define STDC_HEADERS 1
| #define HAVE_SYS_TYPES_H 1
| #define HAVE_SYS_STAT_H 1
| #define HAVE_STDLIB_H 1
| #define HAVE_STRING_H 1
| #define HAVE_MEMORY_H 1
| #define HAVE_STRINGS_H 1
| #define HAVE_INTTYPES_H 1
| #define HAVE_STDINT_H 1
| #define HAVE_UNISTD_H 1
| #define HAVE_DLFCN_H 1
| #define LT_OBJDIR ".libs/"
| #define ZBAR_VERSION_MAJOR 0
| #define ZBAR_VERSION_MINOR 10
| #define LIB_VERSION_MAJOR 0
| #define LIB_VERSION_MINOR 2
| #define LIB_VERSION_REVISION 0
| #define ENABLE_EAN 1
| #define ENABLE_CODE128 1
| #define ENABLE_CODE39 1
| #define ENABLE_I25 1
| #define ENABLE_QRCODE 1
| #define HAVE_ICONV 1
| #define ICONV_CONST 
| #define HAVE_POLL_H 1
| #define HAVE_PTHREAD_H 1
| #define HAVE_LIBPTHREAD 1
| #define __USE_UNIX98 1
| #define HAVE_X11_EXTENSIONS_XSHM_H 1
| /* end confdefs.h.  */
| #include <X11/Xlib.h>
| 
| 
| #include <X11/extensions/Xvlib.h>
configure:20873: result: no
configure:22719: checking whether to enable assertions
configure:22731: result: yes
configure:22764: checking fcntl.h usability
configure:22781: gcc -c -g -O2 -I/opt/local/include -I/usr/local/include conftest.c >&5
configure:22788: $? = 0
configure:22802: result: yes
configure:22806: checking fcntl.h presence
configure:22821: gcc -E -I/opt/local/include -I/usr/local/include conftest.c
configure:22828: $? = 0
configure:22842: result: yes
configure:22875: checking for fcntl.h
configure:22884: result: yes
configure:22764: checking features.h usability
configure:22781: gcc -c -g -O2 -I/opt/local/include -I/usr/local/include conftest.c >&5
conftest.c:73:10: fatal error: 'features.h' file not found
#include <features.h>
         ^~~~~~~~~~~~
1 error generated.
configure:22788: $? = 1
configure: failed program was:
| /* confdefs.h.  */
| #define PACKAGE_NAME "zbar"
| #define PACKAGE_TARNAME "zbar"
| #define PACKAGE_VERSION "0.10"
| #define PACKAGE_STRING "zbar 0.10"
| #define PACKAGE_BUGREPORT "spadix@users.sourceforge.net"
| #define PACKAGE "zbar"
| #define VERSION "0.10"
| #define STDC_HEADERS 1
| #define HAVE_SYS_TYPES_H 1
| #define HAVE_SYS_STAT_H 1
| #define HAVE_STDLIB_H 1
| #define HAVE_STRING_H 1
| #define HAVE_MEMORY_H 1
| #define HAVE_STRINGS_H 1
| #define HAVE_INTTYPES_H 1
| #define HAVE_STDINT_H 1
| #define HAVE_UNISTD_H 1
| #define HAVE_DLFCN_H 1
| #define LT_OBJDIR ".libs/"
| #define ZBAR_VERSION_MAJOR 0
| #define ZBAR_VERSION_MINOR 10
| #define LIB_VERSION_MAJOR 0
| #define LIB_VERSION_MINOR 2
| #define LIB_VERSION_REVISION 0
| #define ENABLE_EAN 1
| #define ENABLE_CODE128 1
| #define ENABLE_CODE39 1
| #define ENABLE_I25 1
| #define ENABLE_QRCODE 1
| #define HAVE_ICONV 1
| #define ICONV_CONST 
| #define HAVE_POLL_H 1
| #define HAVE_PTHREAD_H 1
| #define HAVE_LIBPTHREAD 1
| #define __USE_UNIX98 1
| #define HAVE_X11_EXTENSIONS_XSHM_H 1
| #define HAVE_FCNTL_H 1
| /* end confdefs.h.  */
| #include <stdio.h>
| #ifdef HAVE_SYS_TYPES_H
| # include <sys/types.h>
| #endif
| #ifdef HAVE_SYS_STAT_H
| # include <sys/stat.h>
| #endif
| #ifdef STDC_HEADERS
| # include <stdlib.h>
| # include <stddef.h>
| #else
| # ifdef HAVE_STDLIB_H
| #  include <stdlib.h>
| # endif
| #endif
| #ifdef HAVE_STRING_H
| # if !defined STDC_HEADERS && defined HAVE_MEMORY_H
| #  include <memory.h>
| # endif
| # include <string.h>
| #endif
| #ifdef HAVE_STRINGS_H
| # include <strings.h>
| #endif
| #ifdef HAVE_INTTYPES_H
| # include <inttypes.h>
| #endif
| #ifdef HAVE_STDINT_H
| # include <stdint.h>
| #endif
| #ifdef HAVE_UNISTD_H
| # include <unistd.h>
| #endif
| #include <features.h>
configure:22802: result: no
configure:22806: checking features.h presence
configure:22821: gcc -E -I/opt/local/include -I/usr/local/include conftest.c
conftest.c:40:10: fatal error: 'features.h' file not found
#include <features.h>
         ^~~~~~~~~~~~
1 error generated.
configure:22828: $? = 1
configure: failed program was:
| /* confdefs.h.  */
| #define PACKAGE_NAME "zbar"
| #define PACKAGE_TARNAME "zbar"
| #define PACKAGE_VERSION "0.10"
| #define PACKAGE_STRING "zbar 0.10"
| #define PACKAGE_BUGREPORT "spadix@users.sourceforge.net"
| #define PACKAGE "zbar"
| #define VERSION "0.10"
| #define STDC_HEADERS 1
| #define HAVE_SYS_TYPES_H 1
| #define HAVE_SYS_STAT_H 1
| #define HAVE_STDLIB_H 1
| #define HAVE_STRING_H 1
| #define HAVE_MEMORY_H 1
| #define HAVE_STRINGS_H 1
| #define HAVE_INTTYPES_H 1
| #define HAVE_STDINT_H 1
| #define HAVE_UNISTD_H 1
| #define HAVE_DLFCN_H 1
| #define LT_OBJDIR ".libs/"
| #define ZBAR_VERSION_MAJOR 0
| #define ZBAR_VERSION_MINOR 10
| #define LIB_VERSION_MAJOR 0
| #define LIB_VERSION_MINOR 2
| #define LIB_VERSION_REVISION 0
| #define ENABLE_EAN 1
| #define ENABLE_CODE128 1
| #define ENABLE_CODE39 1
| #define ENABLE_I25 1
| #define ENABLE_QRCODE 1
| #define HAVE_ICONV 1
| #define ICONV_CONST 
| #define HAVE_POLL_H 1
| #define HAVE_PTHREAD_H 1
| #define HAVE_LIBPTHREAD 1
| #define __USE_UNIX98 1
| #define HAVE_X11_EXTENSIONS_XSHM_H 1
| #define HAVE_FCNTL_H 1
| /* end confdefs.h.  */
| #include <features.h>
configure:22842: result: no
configure:22875: checking for features.h
configure:22884: result: no
configure:22753: checking for inttypes.h
configure:22760: result: yes
configure:22753: checking for stdlib.h
configure:22760: result: yes
configure:22753: checking for string.h
configure:22760: result: yes
configure:22753: checking for unistd.h
configure:22760: result: yes
configure:22764: checking sys/ioctl.h usability
configure:22781: gcc -c -g -O2 -I/opt/local/include -I/usr/local/include conftest.c >&5
configure:22788: $? = 0
configure:22802: result: yes
configure:22806: checking sys/ioctl.h presence
configure:22821: gcc -E -I/opt/local/include -I/usr/local/include conftest.c
configure:22828: $? = 0
configure:22842: result: yes
configure:22875: checking for sys/ioctl.h
configure:22884: result: yes
configure:22764: checking sys/time.h usability
configure:22781: gcc -c -g -O2 -I/opt/local/include -I/usr/local/include conftest.c >&5
configure:22788: $? = 0
configure:22802: result: yes
configure:22806: checking sys/time.h presence
configure:22821: gcc -E -I/opt/local/include -I/usr/local/include conftest.c
configure:22828: $? = 0
configure:22842: result: yes
configure:22875: checking for sys/time.h
configure:22884: result: yes
configure:22764: checking sys/times.h usability
configure:22781: gcc -c -g -O2 -I/opt/local/include -I/usr/local/include conftest.c >&5
configure:22788: $? = 0
configure:22802: result: yes
configure:22806: checking sys/times.h presence
configure:22821: gcc -E -I/opt/local/include -I/usr/local/include conftest.c
configure:22828: $? = 0
configure:22842: result: yes
configure:22875: checking for sys/times.h
configure:22884: result: yes
configure:22764: checking sys/ipc.h usability
configure:22781: gcc -c -g -O2 -I/opt/local/include -I/usr/local/include conftest.c >&5
configure:22788: $? = 0
configure:22802: result: yes
configure:22806: checking sys/ipc.h presence
configure:22821: gcc -E -I/opt/local/include -I/usr/local/include conftest.c
configure:22828: $? = 0
configure:22842: result: yes
configure:22875: checking for sys/ipc.h
configure:22884: result: yes
configure:22764: checking sys/shm.h usability
configure:22781: gcc -c -g -O2 -I/opt/local/include -I/usr/local/include conftest.c >&5
configure:22788: $? = 0
configure:22802: result: yes
configure:22806: checking sys/shm.h presence
configure:22821: gcc -E -I/opt/local/include -I/usr/local/include conftest.c
configure:22828: $? = 0
configure:22842: result: yes
configure:22875: checking for sys/shm.h
configure:22884: result: yes
configure:22764: checking sys/mman.h usability
configure:22781: gcc -c -g -O2 -I/opt/local/include -I/usr/local/include conftest.c >&5
configure:22788: $? = 0
configure:22802: result: yes
configure:22806: checking sys/mman.h presence
configure:22821: gcc -E -I/opt/local/include -I/usr/local/include conftest.c
configure:22828: $? = 0
configure:22842: result: yes
configure:22875: checking for sys/mman.h
configure:22884: result: yes
configure:22902: checking for int32_t
configure:22933: gcc -c -g -O2 -I/opt/local/include -I/usr/local/include conftest.c >&5
configure:22940: $? = 0
configure:22969: gcc -c -g -O2 -I/opt/local/include -I/usr/local/include conftest.c >&5
conftest.c:86:24: error: 'test_array' declared as an array with a negative size
static int test_array [1 - 2 * !((int32_t) ((((int32_t) 1 << (32 - 2)) - 1) * 2 + 1)
                       ^~~~~~~~~~~~~~~~~~~~~~~~~~~~~~~~~~~~~~~~~~~~~~~~~~~~~~~~~~~~~
1 error generated.
configure:22976: $? = 1
configure: failed program was:
| /* confdefs.h.  */
| #define PACKAGE_NAME "zbar"
| #define PACKAGE_TARNAME "zbar"
| #define PACKAGE_VERSION "0.10"
| #define PACKAGE_STRING "zbar 0.10"
| #define PACKAGE_BUGREPORT "spadix@users.sourceforge.net"
| #define PACKAGE "zbar"
| #define VERSION "0.10"
| #define STDC_HEADERS 1
| #define HAVE_SYS_TYPES_H 1
| #define HAVE_SYS_STAT_H 1
| #define HAVE_STDLIB_H 1
| #define HAVE_STRING_H 1
| #define HAVE_MEMORY_H 1
| #define HAVE_STRINGS_H 1
| #define HAVE_INTTYPES_H 1
| #define HAVE_STDINT_H 1
| #define HAVE_UNISTD_H 1
| #define HAVE_DLFCN_H 1
| #define LT_OBJDIR ".libs/"
| #define ZBAR_VERSION_MAJOR 0
| #define ZBAR_VERSION_MINOR 10
| #define LIB_VERSION_MAJOR 0
| #define LIB_VERSION_MINOR 2
| #define LIB_VERSION_REVISION 0
| #define ENABLE_EAN 1
| #define ENABLE_CODE128 1
| #define ENABLE_CODE39 1
| #define ENABLE_I25 1
| #define ENABLE_QRCODE 1
| #define HAVE_ICONV 1
| #define ICONV_CONST 
| #define HAVE_POLL_H 1
| #define HAVE_PTHREAD_H 1
| #define HAVE_LIBPTHREAD 1
| #define __USE_UNIX98 1
| #define HAVE_X11_EXTENSIONS_XSHM_H 1
| #define HAVE_FCNTL_H 1
| #define HAVE_INTTYPES_H 1
| #define HAVE_STDLIB_H 1
| #define HAVE_STRING_H 1
| #define HAVE_UNISTD_H 1
| #define HAVE_SYS_IOCTL_H 1
| #define HAVE_SYS_TIME_H 1
| #define HAVE_SYS_TIMES_H 1
| #define HAVE_SYS_IPC_H 1
| #define HAVE_SYS_SHM_H 1
| #define HAVE_SYS_MMAN_H 1
| /* end confdefs.h.  */
| #include <stdio.h>
| #ifdef HAVE_SYS_TYPES_H
| # include <sys/types.h>
| #endif
| #ifdef HAVE_SYS_STAT_H
| # include <sys/stat.h>
| #endif
| #ifdef STDC_HEADERS
| # include <stdlib.h>
| # include <stddef.h>
| #else
| # ifdef HAVE_STDLIB_H
| #  include <stdlib.h>
| # endif
| #endif
| #ifdef HAVE_STRING_H
| # if !defined STDC_HEADERS && defined HAVE_MEMORY_H
| #  include <memory.h>
| # endif
| # include <string.h>
| #endif
| #ifdef HAVE_STRINGS_H
| # include <strings.h>
| #endif
| #ifdef HAVE_INTTYPES_H
| # include <inttypes.h>
| #endif
| #ifdef HAVE_STDINT_H
| # include <stdint.h>
| #endif
| #ifdef HAVE_UNISTD_H
| # include <unistd.h>
| #endif
| int
| main ()
| {
| static int test_array [1 - 2 * !((int32_t) ((((int32_t) 1 << (32 - 2)) - 1) * 2 + 1)
| 		 < (int32_t) ((((int32_t) 1 << (32 - 2)) - 1) * 2 + 2))];
| test_array [0] = 0
| 
|   ;
|   return 0;
| }
configure:23005: result: yes
configure:23018: checking for uint32_t
configure:23049: gcc -c -g -O2 -I/opt/local/include -I/usr/local/include conftest.c >&5
configure:23056: $? = 0
configure:23077: result: yes
configure:23095: checking for uint8_t
configure:23126: gcc -c -g -O2 -I/opt/local/include -I/usr/local/include conftest.c >&5
configure:23133: $? = 0
configure:23154: result: yes
configure:23172: checking for uintptr_t
configure:23200: gcc -c -g -O2 -I/opt/local/include -I/usr/local/include conftest.c >&5
configure:23207: $? = 0
configure:23234: gcc -c -g -O2 -I/opt/local/include -I/usr/local/include conftest.c >&5
conftest.c:86:24: error: expected expression
if (sizeof ((uintptr_t)))
                       ^
1 error generated.
configure:23241: $? = 1
configure: failed program was:
| /* confdefs.h.  */
| #define PACKAGE_NAME "zbar"
| #define PACKAGE_TARNAME "zbar"
| #define PACKAGE_VERSION "0.10"
| #define PACKAGE_STRING "zbar 0.10"
| #define PACKAGE_BUGREPORT "spadix@users.sourceforge.net"
| #define PACKAGE "zbar"
| #define VERSION "0.10"
| #define STDC_HEADERS 1
| #define HAVE_SYS_TYPES_H 1
| #define HAVE_SYS_STAT_H 1
| #define HAVE_STDLIB_H 1
| #define HAVE_STRING_H 1
| #define HAVE_MEMORY_H 1
| #define HAVE_STRINGS_H 1
| #define HAVE_INTTYPES_H 1
| #define HAVE_STDINT_H 1
| #define HAVE_UNISTD_H 1
| #define HAVE_DLFCN_H 1
| #define LT_OBJDIR ".libs/"
| #define ZBAR_VERSION_MAJOR 0
| #define ZBAR_VERSION_MINOR 10
| #define LIB_VERSION_MAJOR 0
| #define LIB_VERSION_MINOR 2
| #define LIB_VERSION_REVISION 0
| #define ENABLE_EAN 1
| #define ENABLE_CODE128 1
| #define ENABLE_CODE39 1
| #define ENABLE_I25 1
| #define ENABLE_QRCODE 1
| #define HAVE_ICONV 1
| #define ICONV_CONST 
| #define HAVE_POLL_H 1
| #define HAVE_PTHREAD_H 1
| #define HAVE_LIBPTHREAD 1
| #define __USE_UNIX98 1
| #define HAVE_X11_EXTENSIONS_XSHM_H 1
| #define HAVE_FCNTL_H 1
| #define HAVE_INTTYPES_H 1
| #define HAVE_STDLIB_H 1
| #define HAVE_STRING_H 1
| #define HAVE_UNISTD_H 1
| #define HAVE_SYS_IOCTL_H 1
| #define HAVE_SYS_TIME_H 1
| #define HAVE_SYS_TIMES_H 1
| #define HAVE_SYS_IPC_H 1
| #define HAVE_SYS_SHM_H 1
| #define HAVE_SYS_MMAN_H 1
| /* end confdefs.h.  */
| #include <stdio.h>
| #ifdef HAVE_SYS_TYPES_H
| # include <sys/types.h>
| #endif
| #ifdef HAVE_SYS_STAT_H
| # include <sys/stat.h>
| #endif
| #ifdef STDC_HEADERS
| # include <stdlib.h>
| # include <stddef.h>
| #else
| # ifdef HAVE_STDLIB_H
| #  include <stdlib.h>
| # endif
| #endif
| #ifdef HAVE_STRING_H
| # if !defined STDC_HEADERS && defined HAVE_MEMORY_H
| #  include <memory.h>
| # endif
| # include <string.h>
| #endif
| #ifdef HAVE_STRINGS_H
| # include <strings.h>
| #endif
| #ifdef HAVE_INTTYPES_H
| # include <inttypes.h>
| #endif
| #ifdef HAVE_STDINT_H
| # include <stdint.h>
| #endif
| #ifdef HAVE_UNISTD_H
| # include <unistd.h>
| #endif
| int
| main ()
| {
| if (sizeof ((uintptr_t)))
| 	  return 0;
|   ;
|   return 0;
| }
configure:23264: result: yes
configure:23331: checking for an ANSI C-conforming const
configure:23406: gcc -c -g -O2 -I/opt/local/include -I/usr/local/include conftest.c >&5
configure:23413: $? = 0
configure:23428: result: yes
configure:23438: checking for inline
configure:23464: gcc -c -g -O2 -I/opt/local/include -I/usr/local/include conftest.c >&5
configure:23471: $? = 0
configure:23489: result: inline
configure:23516: checking for stdlib.h
configure:23523: result: yes
configure:23516: checking for unistd.h
configure:23523: result: yes
configure:23666: checking for getpagesize
configure:23722: gcc -o conftest -g -O2 -I/opt/local/include -I/usr/local/include -L/opt/local/lib -L/usr/local/lib conftest.c -lpthread  >&5
configure:23729: $? = 0
configure:23751: result: yes
configure:23763: checking for working mmap
configure:23910: gcc -o conftest -g -O2 -I/opt/local/include -I/usr/local/include -L/opt/local/lib -L/usr/local/lib conftest.c -lpthread  >&5
configure:23914: $? = 0
configure:23920: ./conftest
configure:23924: $? = 0
configure:23941: result: yes
configure:23958: checking for memset
configure:24014: gcc -o conftest -g -O2 -I/opt/local/include -I/usr/local/include -L/opt/local/lib -L/usr/local/lib conftest.c -lpthread  >&5
conftest.c:78:6: warning: incompatible redeclaration of library function 'memset' [-Wincompatible-library-redeclaration]
char memset ();
     ^
conftest.c:78:6: note: 'memset' is a builtin with type 'void *(void *, int, unsigned long)'
1 warning generated.
configure:24021: $? = 0
configure:24043: result: yes
configure:23958: checking for atexit
configure:24014: gcc -o conftest -g -O2 -I/opt/local/include -I/usr/local/include -L/opt/local/lib -L/usr/local/lib conftest.c -lpthread  >&5
configure:24021: $? = 0
configure:24043: result: yes
configure:23958: checking for setenv
configure:24014: gcc -o conftest -g -O2 -I/opt/local/include -I/usr/local/include -L/opt/local/lib -L/usr/local/lib conftest.c -lpthread  >&5
configure:24021: $? = 0
configure:24043: result: yes
configure:24341: creating ./config.status

## ---------------------- ##
## Running config.status. ##
## ---------------------- ##

This file was extended by zbar config.status 0.10, which was
generated by GNU Autoconf 2.63.  Invocation command line was

  CONFIG_FILES    = 
  CONFIG_HEADERS  = 
  CONFIG_LINKS    = 
  CONFIG_COMMANDS = 
  $ ./config.status 

on ThanhTu-2.local

config.status:1223: creating Makefile
config.status:1223: creating zbar.pc
config.status:1223: creating zbar-gtk.pc
config.status:1223: creating zbar-qt.pc
config.status:1223: creating doc/doxygen.conf
config.status:1223: creating include/config.h
config.status:1497: executing depfiles commands
config.status:1497: executing libtool commands
config.status:1497: executing doc/version.xml commands
config.status:1497: executing doc/reldate.xml commands

## ---------------- ##
## Cache variables. ##
## ---------------- ##

ac_cv_build=i386-apple-darwin18.5.0
ac_cv_c_compiler_gnu=yes
ac_cv_c_const=yes
ac_cv_c_inline=inline
ac_cv_c_int32_t=yes
ac_cv_c_uint32_t=yes
ac_cv_c_uint8_t=yes
ac_cv_cxx_compiler_gnu=yes
ac_cv_env_CCC_set=
ac_cv_env_CCC_value=
ac_cv_env_CC_set=
ac_cv_env_CC_value=
ac_cv_env_CFLAGS_set=
ac_cv_env_CFLAGS_value=
ac_cv_env_CPPFLAGS_set=set
ac_cv_env_CPPFLAGS_value='-I/opt/local/include -I/usr/local/include'
ac_cv_env_CPP_set=
ac_cv_env_CPP_value=
ac_cv_env_CXXCPP_set=
ac_cv_env_CXXCPP_value=
ac_cv_env_CXXFLAGS_set=
ac_cv_env_CXXFLAGS_value=
ac_cv_env_CXX_set=
ac_cv_env_CXX_value=
ac_cv_env_GLIB_GENMARSHAL_set=
ac_cv_env_GLIB_GENMARSHAL_value=
ac_cv_env_GTK_CFLAGS_set=
ac_cv_env_GTK_CFLAGS_value=
ac_cv_env_GTK_LIBS_set=
ac_cv_env_GTK_LIBS_value=
ac_cv_env_LDFLAGS_set=set
ac_cv_env_LDFLAGS_value='-L/opt/local/lib -L/usr/local/lib'
ac_cv_env_LIBS_set=
ac_cv_env_LIBS_value=
ac_cv_env_MAGICK_CFLAGS_set=
ac_cv_env_MAGICK_CFLAGS_value=
ac_cv_env_MAGICK_LIBS_set=
ac_cv_env_MAGICK_LIBS_value=
ac_cv_env_MOC_set=
ac_cv_env_MOC_value=
ac_cv_env_NPAPI_CFLAGS_set=
ac_cv_env_NPAPI_CFLAGS_value=
ac_cv_env_NPAPI_LIBS_set=
ac_cv_env_NPAPI_LIBS_value=
ac_cv_env_PKG_CONFIG_set=
ac_cv_env_PKG_CONFIG_value=
ac_cv_env_PYGTK_CFLAGS_set=
ac_cv_env_PYGTK_CFLAGS_value=
ac_cv_env_PYGTK_CODEGEN_set=
ac_cv_env_PYGTK_CODEGEN_value=
ac_cv_env_PYGTK_DEFS_set=
ac_cv_env_PYGTK_DEFS_value=
ac_cv_env_PYGTK_H2DEF_set=
ac_cv_env_PYGTK_H2DEF_value=
ac_cv_env_PYGTK_LIBS_set=
ac_cv_env_PYGTK_LIBS_value=
ac_cv_env_PYTHON_CFLAGS_set=
ac_cv_env_PYTHON_CFLAGS_value=
ac_cv_env_PYTHON_CONFIG_set=
ac_cv_env_PYTHON_CONFIG_value=
ac_cv_env_PYTHON_LIBS_set=
ac_cv_env_PYTHON_LIBS_value=
ac_cv_env_QT_CFLAGS_set=
ac_cv_env_QT_CFLAGS_value=
ac_cv_env_QT_LIBS_set=
ac_cv_env_QT_LIBS_value=
ac_cv_env_XMKMF_set=
ac_cv_env_XMKMF_value=
ac_cv_env_XMLTOFLAGS_set=
ac_cv_env_XMLTOFLAGS_value=
ac_cv_env_XMLTO_set=
ac_cv_env_XMLTO_value=
ac_cv_env_XSHM_LIBS_set=
ac_cv_env_XSHM_LIBS_value=
ac_cv_env_XV_LIBS_set=
ac_cv_env_XV_LIBS_value=
ac_cv_env_build_alias_set=
ac_cv_env_build_alias_value=
ac_cv_env_host_alias_set=
ac_cv_env_host_alias_value=
ac_cv_env_target_alias_set=
ac_cv_env_target_alias_value=
ac_cv_func_atexit=yes
ac_cv_func_connect=yes
ac_cv_func_gethostbyname=yes
ac_cv_func_getpagesize=yes
ac_cv_func_memset=yes
ac_cv_func_mmap_fixed_mapped=yes
ac_cv_func_remove=yes
ac_cv_func_setenv=yes
ac_cv_func_shmat=yes
ac_cv_have_x='have_x=yes	ac_x_includes='\'''\''	ac_x_libraries='\'''\'''
ac_cv_header_X11_extensions_XShm_h=yes
ac_cv_header_X11_extensions_Xvlib_h=no
ac_cv_header_dlfcn_h=yes
ac_cv_header_fcntl_h=yes
ac_cv_header_features_h=no
ac_cv_header_inttypes_h=yes
ac_cv_header_memory_h=yes
ac_cv_header_poll_h=yes
ac_cv_header_pthread_h=yes
ac_cv_header_stdc=yes
ac_cv_header_stdint_h=yes
ac_cv_header_stdlib_h=yes
ac_cv_header_string_h=yes
ac_cv_header_strings_h=yes
ac_cv_header_sys_ioctl_h=yes
ac_cv_header_sys_ipc_h=yes
ac_cv_header_sys_mman_h=yes
ac_cv_header_sys_shm_h=yes
ac_cv_header_sys_stat_h=yes
ac_cv_header_sys_time_h=yes
ac_cv_header_sys_times_h=yes
ac_cv_header_sys_types_h=yes
ac_cv_header_unistd_h=yes
ac_cv_host=i386-apple-darwin18.5.0
ac_cv_lib_ICE_IceConnectionNumber=yes
ac_cv_lib_Xext_XShmQueryVersion=yes
ac_cv_lib_dl_dlopen=yes
ac_cv_lib_pthread_pthread_create=yes
ac_cv_objext=o
ac_cv_path_EGREP='/usr/bin/grep -E'
ac_cv_path_FGREP='/usr/bin/grep -F'
ac_cv_path_GREP=/usr/bin/grep
ac_cv_path_SED=/usr/bin/sed
ac_cv_path_ac_pt_PKG_CONFIG=/opt/local/bin/pkg-config
ac_cv_path_install='/usr/local/bin/ginstall -c'
ac_cv_path_mkdir=/usr/local/bin/gmkdir
ac_cv_prog_AWK=awk
ac_cv_prog_CPP='gcc -E'
ac_cv_prog_CXXCPP='g++ -E'
ac_cv_prog_ac_ct_AR=ar
ac_cv_prog_ac_ct_CC=gcc
ac_cv_prog_ac_ct_CXX=g++
ac_cv_prog_ac_ct_DSYMUTIL=dsymutil
ac_cv_prog_ac_ct_LIPO=lipo
ac_cv_prog_ac_ct_NMEDIT=nmedit
ac_cv_prog_ac_ct_OBJDUMP=objdump
ac_cv_prog_ac_ct_OTOOL=otool
ac_cv_prog_ac_ct_RANLIB=ranlib
ac_cv_prog_ac_ct_STRIP=strip
ac_cv_prog_cc_c89=
ac_cv_prog_cc_g=yes
ac_cv_prog_cc_gcc_c_o=yes
ac_cv_prog_cxx_g=yes
ac_cv_prog_make_make_set=yes
ac_cv_search_clock_gettime='none required'
ac_cv_type_uintptr_t=yes
acl_cv_hardcode_direct=no
acl_cv_hardcode_libdir_flag_spec=
acl_cv_hardcode_libdir_separator=
acl_cv_hardcode_minus_L=no
acl_cv_libext=a
acl_cv_libname_spec='lib$name'
acl_cv_library_names_spec='$libname$shrext'
acl_cv_path_LD=/Applications/Xcode.app/Contents/Developer/Toolchains/XcodeDefault.xctoolchain/usr/bin/ld
acl_cv_prog_gnu_ld=no
acl_cv_rpath=done
acl_cv_shlibext=dylib
acl_cv_wl=-Wl,
am_cv_CC_dependencies_compiler_type=gcc3
am_cv_CXX_dependencies_compiler_type=gcc3
am_cv_func_iconv=yes
am_cv_func_iconv_works=yes
am_cv_lib_iconv=yes
am_cv_proto_iconv='extern size_t iconv (iconv_t cd, char * *inbuf, size_t *inbytesleft, char * *outbuf, size_t *outbytesleft);'
am_cv_proto_iconv_arg1=
lt_cv_apple_cc_single_mod=yes
lt_cv_deplibs_check_method=pass_all
lt_cv_dlopen=dlopen
lt_cv_dlopen_libs=-ldl
lt_cv_dlopen_self=yes
lt_cv_dlopen_self_static=yes
lt_cv_file_magic_cmd='$MAGIC_CMD'
lt_cv_file_magic_test_file=
lt_cv_ld_exported_symbols_list=yes
lt_cv_ld_reload_flag=-r
lt_cv_nm_interface='BSD nm'
lt_cv_objdir=.libs
lt_cv_path_LD=/Applications/Xcode.app/Contents/Developer/Toolchains/XcodeDefault.xctoolchain/usr/bin/ld
lt_cv_path_LDCXX=/Applications/Xcode.app/Contents/Developer/Toolchains/XcodeDefault.xctoolchain/usr/bin/ld
lt_cv_path_NM='/usr/bin/nm -B'
lt_cv_prog_compiler_c_o=yes
lt_cv_prog_compiler_c_o_CXX=yes
lt_cv_prog_compiler_c_o_RC=yes
lt_cv_prog_compiler_pic_works=yes
lt_cv_prog_compiler_pic_works_CXX=yes
lt_cv_prog_compiler_rtti_exceptions=yes
lt_cv_prog_compiler_static_works=no
lt_cv_prog_compiler_static_works_CXX=no
lt_cv_prog_gnu_ld=no
lt_cv_prog_gnu_ldcxx=no
lt_cv_sys_global_symbol_pipe='sed -n -e '\''s/^.*[	 ]\([BCDEGRST][BCDEGRST]*\)[	 ][	 ]*_\([_A-Za-z][_A-Za-z0-9]*\)$/\1 _\2 \2/p'\'''
lt_cv_sys_global_symbol_to_c_name_address='sed -n -e '\''s/^: \([^ ]*\) $/  {\"\1\", (void *) 0},/p'\'' -e '\''s/^[BCDEGRST]* \([^ ]*\) \([^ ]*\)$/  {"\2", (void *) \&\2},/p'\'''
lt_cv_sys_global_symbol_to_c_name_address_lib_prefix='sed -n -e '\''s/^: \([^ ]*\) $/  {\"\1\", (void *) 0},/p'\'' -e '\''s/^[BCDEGRST]* \([^ ]*\) \(lib[^ ]*\)$/  {"\2", (void *) \&\2},/p'\'' -e '\''s/^[BCDEGRST]* \([^ ]*\) \([^ ]*\)$/  {"lib\2", (void *) \&\2},/p'\'''
lt_cv_sys_global_symbol_to_cdecl='sed -n -e '\''s/^T .* \(.*\)$/extern int \1();/p'\'' -e '\''s/^[BCDEGRST]* .* \(.*\)$/extern char \1;/p'\'''
lt_cv_sys_max_cmd_len=196608

## ----------------- ##
## Output variables. ##
## ----------------- ##

ACLOCAL='${SHELL} /Users/thanhtu/MyProjects/CPlusplus/zbar-optimized/config/missing --run aclocal-1.10'
AMDEPBACKSLASH='\'
AMDEP_FALSE='#'
AMDEP_TRUE=''
AMTAR='${SHELL} /Users/thanhtu/MyProjects/CPlusplus/zbar-optimized/config/missing --run tar'
AR='ar'
AS='as'
AUTOCONF='${SHELL} /Users/thanhtu/MyProjects/CPlusplus/zbar-optimized/config/missing --run autoconf'
AUTOHEADER='${SHELL} /Users/thanhtu/MyProjects/CPlusplus/zbar-optimized/config/missing --run autoheader'
AUTOMAKE='${SHELL} /Users/thanhtu/MyProjects/CPlusplus/zbar-optimized/config/missing --run automake-1.10'
AWK='awk'
CC='gcc'
CCDEPMODE='depmode=gcc3'
CFLAGS='-g -O2'
CPP='gcc -E'
CPPFLAGS='-I/opt/local/include -I/usr/local/include'
CXX='g++'
CXXCPP='g++ -E'
CXXDEPMODE='depmode=gcc3'
CXXFLAGS='-g -O2'
CYGPATH_W='echo'
DEFS='-DHAVE_CONFIG_H'
DEPDIR='.deps'
DLLTOOL='dlltool'
DSYMUTIL='dsymutil'
DUMPBIN=''
ECHO_C='\c'
ECHO_N=''
ECHO_T=''
EGREP='/usr/bin/grep -E'
ENABLE_CODE128_FALSE='#'
ENABLE_CODE128_TRUE=''
ENABLE_CODE39_FALSE='#'
ENABLE_CODE39_TRUE=''
ENABLE_EAN_FALSE='#'
ENABLE_EAN_TRUE=''
ENABLE_I25_FALSE='#'
ENABLE_I25_TRUE=''
ENABLE_PDF417_FALSE=''
ENABLE_PDF417_TRUE='#'
ENABLE_QRCODE_FALSE='#'
ENABLE_QRCODE_TRUE=''
EXEEXT=''
FGREP='/usr/bin/grep -F'
GLIB_GENMARSHAL=''
GREP='/usr/bin/grep'
GTK_CFLAGS=''
GTK_LIBS=''
HAVE_GTK_FALSE=''
HAVE_GTK_TRUE='#'
HAVE_JPEG_FALSE=''
HAVE_JPEG_TRUE='#'
HAVE_MAGICK_FALSE=''
HAVE_MAGICK_TRUE='#'
HAVE_NPAPI_FALSE=''
HAVE_NPAPI_TRUE='#'
HAVE_POLL_FALSE='#'
HAVE_POLL_TRUE=''
HAVE_PYTHON_FALSE=''
HAVE_PYTHON_TRUE='#'
HAVE_QT_FALSE=''
HAVE_QT_TRUE='#'
HAVE_V4L1_FALSE=''
HAVE_V4L1_TRUE='#'
HAVE_V4L2_FALSE=''
HAVE_V4L2_TRUE='#'
HAVE_VIDEO_FALSE=''
HAVE_VIDEO_TRUE='#'
HAVE_XSHM_FALSE='#'
HAVE_XSHM_TRUE=''
HAVE_XV_FALSE=''
HAVE_XV_TRUE='#'
HAVE_X_FALSE='#'
HAVE_X_TRUE=''
INSTALL_DATA='${INSTALL} -m 644'
INSTALL_PROGRAM='${INSTALL}'
INSTALL_SCRIPT='${INSTALL}'
INSTALL_STRIP_PROGRAM='$(install_sh) -c -s'
LD='/Applications/Xcode.app/Contents/Developer/Toolchains/XcodeDefault.xctoolchain/usr/bin/ld'
LDFLAGS='-L/opt/local/lib -L/usr/local/lib'
LIBICONV='-liconv'
LIBOBJS=''
LIBS='-lpthread '
LIBTOOL='$(SHELL) $(top_builddir)/libtool'
LIB_VERSION='2:0:2'
LIPO='lipo'
LN_S='ln -s'
LTLIBICONV='-L/opt/local/lib -liconv -R/opt/local/lib'
LTLIBOBJS=''
MAGICK_CFLAGS=''
MAGICK_LIBS=''
MAKEINFO='${SHELL} /Users/thanhtu/MyProjects/CPlusplus/zbar-optimized/config/missing --run makeinfo'
MKDIR_P='/usr/local/bin/gmkdir -p'
MOC=''
NM='/usr/bin/nm -B'
NMEDIT='nmedit'
NPAPI_CFLAGS=''
NPAPI_LIBS=''
OBJDUMP='objdump'
OBJEXT='o'
OTOOL64=':'
OTOOL='otool'
PACKAGE='zbar'
PACKAGE_BUGREPORT='spadix@users.sourceforge.net'
PACKAGE_NAME='zbar'
PACKAGE_STRING='zbar 0.10'
PACKAGE_TARNAME='zbar'
PACKAGE_VERSION='0.10'
PATH_SEPARATOR=':'
PKG_CONFIG='/opt/local/bin/pkg-config'
PYGTK_CFLAGS=''
PYGTK_CODEGEN=''
PYGTK_DEFS=''
PYGTK_H2DEF=''
PYGTK_LIBS=''
PYTHON=''
PYTHON_CFLAGS=''
PYTHON_CONFIG=''
PYTHON_EXEC_PREFIX=''
PYTHON_LIBS=''
PYTHON_PLATFORM=''
PYTHON_PREFIX=''
PYTHON_VERSION=''
QT_CFLAGS=''
QT_LIBS=''
RANLIB='ranlib'
RC=''
RELDATE='2009-10-23'
SED='/usr/bin/sed'
SET_MAKE=''
SHELL='/bin/sh'
STRIP='strip'
VERSION='0.10'
WIN32_FALSE=''
WIN32_TRUE='#'
XMKMF=''
XMLTO=':'
XMLTOFLAGS=''
XSHM_LIBS='-lXext'
XV_LIBS='-lXv'
X_CFLAGS=''
X_EXTRA_LIBS=''
X_LIBS=''
X_PRE_LIBS=' -lSM -lICE'
ZGTK_LIB_VERSION='0:2:0'
ZQT_LIB_VERSION='0:2:0'
ac_ct_CC='gcc'
ac_ct_CXX='g++'
ac_ct_DUMPBIN=''
am__fastdepCC_FALSE='#'
am__fastdepCC_TRUE=''
am__fastdepCXX_FALSE='#'
am__fastdepCXX_TRUE=''
am__include='include'
am__isrc=''
am__leading_dot='.'
am__quote=''
am__tar='${AMTAR} chof - "$$tardir"'
am__untar='${AMTAR} xf -'
bindir='${exec_prefix}/bin'
build='i386-apple-darwin18.5.0'
build_alias=''
build_cpu='i386'
build_os='darwin18.5.0'
build_vendor='apple'
datadir='${datarootdir}'
datarootdir='${prefix}/share'
docdir='${datarootdir}/doc/${PACKAGE_TARNAME}'
dvidir='${docdir}'
exec_prefix='${prefix}'
host='i386-apple-darwin18.5.0'
host_alias=''
host_cpu='i386'
host_os='darwin18.5.0'
host_vendor='apple'
htmldir='${docdir}'
includedir='${prefix}/include'
infodir='${datarootdir}/info'
install_sh='$(SHELL) /Users/thanhtu/MyProjects/CPlusplus/zbar-optimized/config/install-sh'
libdir='${exec_prefix}/lib'
libexecdir='${exec_prefix}/libexec'
localedir='${datarootdir}/locale'
localstatedir='${prefix}/var'
lt_ECHO='/bin/echo'
mandir='${datarootdir}/man'
mkdir_p='/usr/local/bin/gmkdir -p'
oldincludedir='/usr/include'
pdfdir='${docdir}'
pkgpyexecdir=''
pkgpythondir=''
prefix='/usr/local'
program_transform_name='s,x,x,'
psdir='${docdir}'
pyexecdir=''
pythondir=''
sbindir='${exec_prefix}/sbin'
sharedstatedir='${prefix}/com'
sysconfdir='${prefix}/etc'
target_alias=''

## ----------- ##
## confdefs.h. ##
## ----------- ##

#define PACKAGE_NAME "zbar"
#define PACKAGE_TARNAME "zbar"
#define PACKAGE_VERSION "0.10"
#define PACKAGE_STRING "zbar 0.10"
#define PACKAGE_BUGREPORT "spadix@users.sourceforge.net"
#define PACKAGE "zbar"
#define VERSION "0.10"
#define STDC_HEADERS 1
#define HAVE_SYS_TYPES_H 1
#define HAVE_SYS_STAT_H 1
#define HAVE_STDLIB_H 1
#define HAVE_STRING_H 1
#define HAVE_MEMORY_H 1
#define HAVE_STRINGS_H 1
#define HAVE_INTTYPES_H 1
#define HAVE_STDINT_H 1
#define HAVE_UNISTD_H 1
#define HAVE_DLFCN_H 1
#define LT_OBJDIR ".libs/"
#define ZBAR_VERSION_MAJOR 0
#define ZBAR_VERSION_MINOR 10
#define LIB_VERSION_MAJOR 0
#define LIB_VERSION_MINOR 2
#define LIB_VERSION_REVISION 0
#define ENABLE_EAN 1
#define ENABLE_CODE128 1
#define ENABLE_CODE39 1
#define ENABLE_I25 1
#define ENABLE_QRCODE 1
#define HAVE_ICONV 1
#define ICONV_CONST 
#define HAVE_POLL_H 1
#define HAVE_PTHREAD_H 1
#define HAVE_LIBPTHREAD 1
#define __USE_UNIX98 1
#define HAVE_X11_EXTENSIONS_XSHM_H 1
#define HAVE_FCNTL_H 1
#define HAVE_INTTYPES_H 1
#define HAVE_STDLIB_H 1
#define HAVE_STRING_H 1
#define HAVE_UNISTD_H 1
#define HAVE_SYS_IOCTL_H 1
#define HAVE_SYS_TIME_H 1
#define HAVE_SYS_TIMES_H 1
#define HAVE_SYS_IPC_H 1
#define HAVE_SYS_SHM_H 1
#define HAVE_SYS_MMAN_H 1
#define HAVE_UINTPTR_T 1
#define HAVE_STDLIB_H 1
#define HAVE_UNISTD_H 1
#define HAVE_GETPAGESIZE 1
#define HAVE_MMAP 1
#define HAVE_MEMSET 1
#define HAVE_ATEXIT 1
#define HAVE_SETENV 1

configure: exit 0
